2014-05-20 16:36:23.273 HelloCordova[22919:70b] Multi-tasking -> Device: YES, App: YES
2014-05-20 16:36:23.295 HelloCordova[22919:70b] Unlimited access to network resources
2014-05-20 16:36:23.449 HelloCordova[22919:70b] [CDVTimer][keyboard] 0.056028ms
2014-05-20 16:36:23.450 HelloCordova[22919:70b] CDVPlugin class CDVStatusBar (pluginName: statusbar) does not exist.
2014-05-20 16:36:23.450 HelloCordova[22919:70b] [CDVTimer][statusbar] 0.342011ms
2014-05-20 16:36:23.450 HelloCordova[22919:70b] [CDVTimer][TotalPluginStartup] 1.069009ms
2014-05-20 16:36:23.545 HelloCordova[22919:70b] Resetting plugins due to page load.
2014-05-20 16:36:23.719 HelloCordova[22919:70b] Finished load of: file:///Users/jbarket/Library/Application%20Support/iPhone%20Simulator/7.1/Applications/AB77372D-5A19-4B94-A2F3-220692144862/HelloCordova.app/www/index.html
2014-05-20 16:37:06.491 HelloCordova[23213:70b] Multi-tasking -> Device: YES, App: YES
2014-05-20 16:37:06.497 HelloCordova[23213:70b] Unlimited access to network resources
2014-05-20 16:37:06.509 HelloCordova[23213:70b] [CDVTimer][keyboard] 0.052035ms
2014-05-20 16:37:06.510 HelloCordova[23213:70b] CDVPlugin class CDVStatusBar (pluginName: statusbar) does not exist.
2014-05-20 16:37:06.510 HelloCordova[23213:70b] [CDVTimer][statusbar] 0.424981ms
2014-05-20 16:37:06.510 HelloCordova[23213:70b] [CDVTimer][TotalPluginStartup] 1.307011ms
2014-05-20 16:37:06.537 HelloCordova[23213:70b] Resetting plugins due to page load.
2014-05-20 16:37:06.631 HelloCordova[23213:70b] Finished load of: file:///Users/jbarket/Library/Application%20Support/iPhone%20Simulator/7.1/Applications/AB77372D-5A19-4B94-A2F3-220692144862/HelloCordova.app/www/index.html
2014-05-20 16:38:24.269 HelloCordova[23516:70b] Multi-tasking -> Device: YES, App: YES
2014-05-20 16:38:24.274 HelloCordova[23516:70b] Unlimited access to network resources
2014-05-20 16:38:24.287 HelloCordova[23516:70b] [CDVTimer][keyboard] 0.075996ms
2014-05-20 16:38:24.287 HelloCordova[23516:70b] CDVPlugin class CDVStatusBar (pluginName: statusbar) does not exist.
2014-05-20 16:38:24.288 HelloCordova[23516:70b] [CDVTimer][statusbar] 0.340998ms
2014-05-20 16:38:24.288 HelloCordova[23516:70b] [CDVTimer][TotalPluginStartup] 1.128972ms
2014-05-20 16:38:24.350 HelloCordova[23516:70b] Resetting plugins due to page load.
2014-05-20 16:38:24.445 HelloCordova[23516:70b] Finished load of: file:///Users/jbarket/Library/Application%20Support/iPhone%20Simulator/7.1/Applications/FC247855-42AE-40F3-9B15-4452843A2103/HelloCordova.app/www/index.html
Terminating in response to SpringBoard's termination.
2014-05-21 09:25:01.033 HelloCordova[26585:70b] Multi-tasking -> Device: YES, App: YES
2014-05-21 09:25:01.066 HelloCordova[26585:70b] Unlimited access to network resources
2014-05-21 09:25:01.084 HelloCordova[26585:70b] [CDVTimer][keyboard] 0.061989ms
2014-05-21 09:25:01.085 HelloCordova[26585:70b] CDVPlugin class CDVStatusBar (pluginName: statusbar) does not exist.
2014-05-21 09:25:01.085 HelloCordova[26585:70b] [CDVTimer][statusbar] 0.643015ms
2014-05-21 09:25:01.086 HelloCordova[26585:70b] [CDVTimer][TotalPluginStartup] 1.890004ms
2014-05-21 09:25:01.178 HelloCordova[26585:70b] Resetting plugins due to page load.
2014-05-21 09:25:01.355 HelloCordova[26585:70b] Finished load of: file:///Users/jbarket/Library/Application%20Support/iPhone%20Simulator/7.1/Applications/FC247855-42AE-40F3-9B15-4452843A2103/HelloCordova.app/www/index.html
2014-05-21 09:25:26.110 HelloCordova[26585:70b] Received memory warning.
2014-05-21 09:26:01.051 HelloCordova[26817:70b] Multi-tasking -> Device: YES, App: YES
2014-05-21 09:26:01.057 HelloCordova[26817:70b] Unlimited access to network resources
2014-05-21 09:26:01.070 HelloCordova[26817:70b] [CDVTimer][keyboard] 0.054002ms
2014-05-21 09:26:01.070 HelloCordova[26817:70b] CDVPlugin class CDVStatusBar (pluginName: statusbar) does not exist.
2014-05-21 09:26:01.070 HelloCordova[26817:70b] [CDVTimer][statusbar] 0.366032ms
2014-05-21 09:26:01.071 HelloCordova[26817:70b] [CDVTimer][TotalPluginStartup] 1.285970ms
2014-05-21 09:26:01.121 HelloCordova[26817:70b] Resetting plugins due to page load.
2014-05-21 09:26:01.227 HelloCordova[26817:70b] Finished load of: file:///Users/jbarket/Library/Application%20Support/iPhone%20Simulator/7.1/Applications/FC247855-42AE-40F3-9B15-4452843A2103/HelloCordova.app/www/index.html
Terminating in response to SpringBoard's termination.
2014-05-22 13:17:30.705 HelloCordova[62693:70b] Multi-tasking -> Device: YES, App: YES
2014-05-22 13:17:30.725 HelloCordova[62693:70b] Unlimited access to network resources
2014-05-22 13:17:30.855 HelloCordova[62693:70b] [CDVTimer][keyboard] 0.056982ms
2014-05-22 13:17:30.855 HelloCordova[62693:70b] CDVPlugin class CDVStatusBar (pluginName: statusbar) does not exist.
2014-05-22 13:17:30.856 HelloCordova[62693:70b] [CDVTimer][statusbar] 0.307024ms
2014-05-22 13:17:30.856 HelloCordova[62693:70b] [CDVTimer][TotalPluginStartup] 0.979960ms
2014-05-22 13:17:30.956 HelloCordova[62693:70b] Resetting plugins due to page load.
2014-05-22 13:17:31.015 HelloCordova[62693:70b] Finished load of: file:///Users/jbarket/Library/Application%20Support/iPhone%20Simulator/7.1/Applications/FC247855-42AE-40F3-9B15-4452843A2103/HelloCordova.app/www/index.html
2014-05-22 13:19:09.867 HelloCordova[62693:70b] Received memory warning.
2014-05-22 13:20:00.994 HelloCordova[64052:70b] Multi-tasking -> Device: YES, App: YES
2014-05-22 13:20:00.999 HelloCordova[64052:70b] Unlimited access to network resources
2014-05-22 13:20:01.013 HelloCordova[64052:70b] [CDVTimer][keyboard] 0.055969ms
2014-05-22 13:20:01.013 HelloCordova[64052:70b] CDVPlugin class CDVStatusBar (pluginName: statusbar) does not exist.
2014-05-22 13:20:01.013 HelloCordova[64052:70b] [CDVTimer][statusbar] 0.248969ms
2014-05-22 13:20:01.014 HelloCordova[64052:70b] [CDVTimer][TotalPluginStartup] 0.684023ms
2014-05-22 13:20:01.070 HelloCordova[64052:70b] Resetting plugins due to page load.
2014-05-22 13:20:01.092 HelloCordova[64052:70b] Finished load of: file:///Users/jbarket/Library/Application%20Support/iPhone%20Simulator/7.1/Applications/FC247855-42AE-40F3-9B15-4452843A2103/HelloCordova.app/www/index.html
2014-05-22 13:27:20.767 HelloCordova[64962:70b] Multi-tasking -> Device: YES, App: YES
2014-05-22 13:27:20.772 HelloCordova[64962:70b] Unlimited access to network resources
2014-05-22 13:27:20.785 HelloCordova[64962:70b] [CDVTimer][keyboard] 0.062048ms
2014-05-22 13:27:20.785 HelloCordova[64962:70b] CDVPlugin class CDVStatusBar (pluginName: statusbar) does not exist.
2014-05-22 13:27:20.785 HelloCordova[64962:70b] [CDVTimer][statusbar] 0.236988ms
2014-05-22 13:27:20.785 HelloCordova[64962:70b] [CDVTimer][TotalPluginStartup] 0.706017ms
2014-05-22 13:27:20.814 HelloCordova[64962:70b] Resetting plugins due to page load.
2014-05-22 13:27:20.964 HelloCordova[64962:70b] Finished load of: file:///Users/jbarket/Library/Application%20Support/iPhone%20Simulator/7.1/Applications/FC247855-42AE-40F3-9B15-4452843A2103/HelloCordova.app/www/index.html#/
2014-05-22 13:35:24.201 HelloCordova[65865:70b] Multi-tasking -> Device: YES, App: YES
2014-05-22 13:35:24.205 HelloCordova[65865:70b] Unlimited access to network resources
2014-05-22 13:35:24.218 HelloCordova[65865:70b] [CDVTimer][keyboard] 0.050962ms
2014-05-22 13:35:24.218 HelloCordova[65865:70b] CDVPlugin class CDVStatusBar (pluginName: statusbar) does not exist.
2014-05-22 13:35:24.219 HelloCordova[65865:70b] [CDVTimer][statusbar] 0.208020ms
2014-05-22 13:35:24.219 HelloCordova[65865:70b] [CDVTimer][TotalPluginStartup] 0.652015ms
2014-05-22 13:35:24.247 HelloCordova[65865:70b] Resetting plugins due to page load.
2014-05-22 13:35:24.339 HelloCordova[65865:70b] Finished load of: file:///Users/jbarket/Library/Application%20Support/iPhone%20Simulator/7.1/Applications/FC247855-42AE-40F3-9B15-4452843A2103/HelloCordova.app/www/index.html#/
2014-05-22 13:56:27.923 HelloCordova[67602:70b] Multi-tasking -> Device: YES, App: YES
2014-05-22 13:56:27.930 HelloCordova[67602:70b] Unlimited access to network resources
2014-05-22 13:56:27.943 HelloCordova[67602:70b] [CDVTimer][keyboard] 0.051022ms
2014-05-22 13:56:27.943 HelloCordova[67602:70b] CDVPlugin class CDVStatusBar (pluginName: statusbar) does not exist.
2014-05-22 13:56:27.944 HelloCordova[67602:70b] [CDVTimer][statusbar] 0.185013ms
2014-05-22 13:56:27.944 HelloCordova[67602:70b] [CDVTimer][TotalPluginStartup] 0.591993ms
2014-05-22 13:56:28.017 HelloCordova[67602:70b] Resetting plugins due to page load.
2014-05-22 13:56:28.126 HelloCordova[67602:70b] Finished load of: file:///Users/jbarket/Library/Application%20Support/iPhone%20Simulator/7.1/Applications/FC247855-42AE-40F3-9B15-4452843A2103/HelloCordova.app/www/index.html#/
2014-05-22 13:57:20.157 HelloCordova[68467:70b] Multi-tasking -> Device: YES, App: YES
2014-05-22 13:57:20.162 HelloCordova[68467:70b] Unlimited access to network resources
2014-05-22 13:57:20.174 HelloCordova[68467:70b] [CDVTimer][keyboard] 0.048995ms
2014-05-22 13:57:20.175 HelloCordova[68467:70b] CDVPlugin class CDVStatusBar (pluginName: statusbar) does not exist.
2014-05-22 13:57:20.175 HelloCordova[68467:70b] [CDVTimer][statusbar] 0.198007ms
2014-05-22 13:57:20.175 HelloCordova[68467:70b] [CDVTimer][TotalPluginStartup] 0.666022ms
2014-05-22 13:57:20.203 HelloCordova[68467:70b] Resetting plugins due to page load.
2014-05-22 13:57:20.297 HelloCordova[68467:70b] Finished load of: file:///Users/jbarket/Library/Application%20Support/iPhone%20Simulator/7.1/Applications/FC247855-42AE-40F3-9B15-4452843A2103/HelloCordova.app/www/index.html#/
2014-05-22 14:01:19.767 HelloCordova[70226:70b] Multi-tasking -> Device: YES, App: YES
2014-05-22 14:01:19.772 HelloCordova[70226:70b] Unlimited access to network resources
2014-05-22 14:01:19.784 HelloCordova[70226:70b] [CDVTimer][keyboard] 0.052989ms
2014-05-22 14:01:19.784 HelloCordova[70226:70b] CDVPlugin class CDVStatusBar (pluginName: statusbar) does not exist.
2014-05-22 14:01:19.784 HelloCordova[70226:70b] [CDVTimer][statusbar] 0.169992ms
2014-05-22 14:01:19.785 HelloCordova[70226:70b] [CDVTimer][TotalPluginStartup] 0.573993ms
2014-05-22 14:01:19.851 HelloCordova[70226:70b] Resetting plugins due to page load.
2014-05-22 14:01:19.947 HelloCordova[70226:70b] Finished load of: file:///Users/jbarket/Library/Application%20Support/iPhone%20Simulator/7.1/Applications/FC247855-42AE-40F3-9B15-4452843A2103/HelloCordova.app/www/index.html#/
2014-05-23 12:58:49.179 HelloCordova[74162:70b] Multi-tasking -> Device: YES, App: YES
2014-05-23 12:58:49.199 HelloCordova[74162:70b] Unlimited access to network resources
2014-05-23 12:58:49.347 HelloCordova[74162:70b] [CDVTimer][keyboard] 0.055015ms
2014-05-23 12:58:49.348 HelloCordova[74162:70b] CDVPlugin class CDVStatusBar (pluginName: statusbar) does not exist.
2014-05-23 12:58:49.348 HelloCordova[74162:70b] [CDVTimer][statusbar] 0.421047ms
2014-05-23 12:58:49.349 HelloCordova[74162:70b] [CDVTimer][TotalPluginStartup] 1.284003ms
2014-05-23 12:58:49.464 HelloCordova[74162:70b] Resetting plugins due to page load.
2014-05-23 12:58:49.652 HelloCordova[74162:70b] Finished load of: file:///Users/jbarket/Library/Application%20Support/iPhone%20Simulator/7.1/Applications/FC247855-42AE-40F3-9B15-4452843A2103/HelloCordova.app/www/index.html#/
2014-05-23 14:43:41.758 HelloCordova[75432:70b] Multi-tasking -> Device: YES, App: YES
2014-05-23 14:43:41.774 HelloCordova[75432:70b] Unlimited access to network resources
2014-05-23 14:43:41.789 HelloCordova[75432:70b] [CDVTimer][keyboard] 0.050008ms
2014-05-23 14:43:41.789 HelloCordova[75432:70b] CDVPlugin class CDVStatusBar (pluginName: statusbar) does not exist.
2014-05-23 14:43:41.789 HelloCordova[75432:70b] [CDVTimer][statusbar] 0.313997ms
2014-05-23 14:43:41.790 HelloCordova[75432:70b] [CDVTimer][TotalPluginStartup] 0.992000ms
2014-05-23 14:43:41.827 HelloCordova[75432:70b] Resetting plugins due to page load.
2014-05-23 14:43:41.977 HelloCordova[75432:70b] Finished load of: file:///Users/jbarket/Library/Application%20Support/iPhone%20Simulator/7.1/Applications/FC247855-42AE-40F3-9B15-4452843A2103/HelloCordova.app/www/index.html#/
2014-05-23 15:10:06.105 HelloCordova[78347:70b] Multi-tasking -> Device: YES, App: YES
2014-05-23 15:10:06.110 HelloCordova[78347:70b] Unlimited access to network resources
2014-05-23 15:10:06.123 HelloCordova[78347:70b] [CDVTimer][keyboard] 0.048995ms
2014-05-23 15:10:06.124 HelloCordova[78347:70b] CDVPlugin class CDVStatusBar (pluginName: statusbar) does not exist.
2014-05-23 15:10:06.124 HelloCordova[78347:70b] [CDVTimer][statusbar] 0.418007ms
2014-05-23 15:10:06.124 HelloCordova[78347:70b] [CDVTimer][TotalPluginStartup] 1.402974ms
2014-05-23 15:10:06.182 HelloCordova[78347:70b] Resetting plugins due to page load.
2014-05-23 15:10:06.299 HelloCordova[78347:70b] Finished load of: file:///Users/jbarket/Library/Application%20Support/iPhone%20Simulator/7.1/Applications/B0B986AD-3EDC-4638-ADC6-88F9243D4216/HelloCordova.app/www/index.html#/
2014-05-23 17:45:49.481 Prep Area[80387:70b] Multi-tasking -> Device: YES, App: YES
2014-05-23 17:45:49.508 Prep Area[80387:70b] Unlimited access to network resources
2014-05-23 17:45:49.513 Prep Area[80387:70b] Fix applied for database locations?: YES
2014-05-23 17:45:49.618 Prep Area[80387:70b] [CDVTimer][keyboard] 0.082016ms
2014-05-23 17:45:49.619 Prep Area[80387:70b] CDVPlugin class CDVStatusBar (pluginName: statusbar) does not exist.
2014-05-23 17:45:49.619 Prep Area[80387:70b] [CDVTimer][statusbar] 0.317991ms
2014-05-23 17:45:49.619 Prep Area[80387:70b] [CDVTimer][TotalPluginStartup] 1.157999ms
2014-05-23 17:45:49.685 Prep Area[80387:70b] Resetting plugins due to page load.
2014-05-23 17:45:49.898 Prep Area[80387:70b] Finished load of: file:///Users/jbarket/Library/Application%20Support/iPhone%20Simulator/7.1/Applications/CC0A5C7D-F0FF-4717-B666-73F891406F3F/Prep%20Area.app/www/index.html#/
2014-05-23 17:57:27.997 Prep Area[81388:70b] Multi-tasking -> Device: YES, App: YES
2014-05-23 17:57:28.002 Prep Area[81388:70b] Unlimited access to network resources
2014-05-23 17:57:28.015 Prep Area[81388:70b] [CDVTimer][keyboard] 0.054002ms
2014-05-23 17:57:28.016 Prep Area[81388:70b] CDVPlugin class CDVStatusBar (pluginName: statusbar) does not exist.
2014-05-23 17:57:28.016 Prep Area[81388:70b] [CDVTimer][statusbar] 0.433981ms
2014-05-23 17:57:28.017 Prep Area[81388:70b] [CDVTimer][TotalPluginStartup] 1.442969ms
2014-05-23 17:57:28.068 Prep Area[81388:70b] Resetting plugins due to page load.
2014-05-23 17:57:28.184 Prep Area[81388:70b] Finished load of: file:///Users/jbarket/Library/Application%20Support/iPhone%20Simulator/7.1/Applications/CC0A5C7D-F0FF-4717-B666-73F891406F3F/Prep%20Area.app/www/index.html#/
2014-05-23 18:01:19.424 Prep Area[82343:70b] Multi-tasking -> Device: YES, App: YES
2014-05-23 18:01:19.429 Prep Area[82343:70b] Unlimited access to network resources
2014-05-23 18:01:19.442 Prep Area[82343:70b] [CDVTimer][keyboard] 0.051022ms
2014-05-23 18:01:19.442 Prep Area[82343:70b] CDVPlugin class CDVStatusBar (pluginName: statusbar) does not exist.
2014-05-23 18:01:19.442 Prep Area[82343:70b] [CDVTimer][statusbar] 0.331998ms
2014-05-23 18:01:19.443 Prep Area[82343:70b] [CDVTimer][TotalPluginStartup] 1.001000ms
2014-05-23 18:01:19.494 Prep Area[82343:70b] Resetting plugins due to page load.
2014-05-23 18:01:19.614 Prep Area[82343:70b] Finished load of: file:///Users/jbarket/Library/Application%20Support/iPhone%20Simulator/7.1/Applications/CC0A5C7D-F0FF-4717-B666-73F891406F3F/Prep%20Area.app/www/index.html#/
2014-05-23 19:04:13.574 Prep Area[83540:70b] Multi-tasking -> Device: YES, App: YES
2014-05-23 19:04:13.579 Prep Area[83540:70b] Unlimited access to network resources
2014-05-23 19:04:13.592 Prep Area[83540:70b] [CDVTimer][keyboard] 0.051022ms
2014-05-23 19:04:13.593 Prep Area[83540:70b] CDVPlugin class CDVStatusBar (pluginName: statusbar) does not exist.
2014-05-23 19:04:13.593 Prep Area[83540:70b] [CDVTimer][statusbar] 0.375986ms
2014-05-23 19:04:13.594 Prep Area[83540:70b] [CDVTimer][TotalPluginStartup] 1.182973ms
2014-05-23 19:04:13.655 Prep Area[83540:70b] Resetting plugins due to page load.
2014-05-23 19:04:13.797 Prep Area[83540:70b] Finished load of: file:///Users/jbarket/Library/Application%20Support/iPhone%20Simulator/7.1/Applications/CC0A5C7D-F0FF-4717-B666-73F891406F3F/Prep%20Area.app/www/index.html#/
2014-05-23 19:04:13.823 Prep Area[83540:70b] no existing data
2014-05-23 23:06:07.493 Prep Area[84837:70b] Multi-tasking -> Device: YES, App: YES
2014-05-23 23:06:07.509 Prep Area[84837:70b] Unlimited access to network resources
2014-05-23 23:06:07.603 Prep Area[84837:70b] [CDVTimer][keyboard] 0.055015ms
2014-05-23 23:06:07.604 Prep Area[84837:70b] CDVPlugin class CDVStatusBar (pluginName: statusbar) does not exist.
2014-05-23 23:06:07.604 Prep Area[84837:70b] [CDVTimer][statusbar] 0.298023ms
2014-05-23 23:06:07.604 Prep Area[84837:70b] [CDVTimer][TotalPluginStartup] 1.024008ms
2014-05-23 23:06:07.667 Prep Area[84837:70b] Resetting plugins due to page load.
2014-05-23 23:06:07.832 Prep Area[84837:70b] Finished load of: file:///Users/jbarket/Library/Application%20Support/iPhone%20Simulator/7.1/Applications/CC0A5C7D-F0FF-4717-B666-73F891406F3F/Prep%20Area.app/www/index.html#/
2014-05-23 23:06:07.860 Prep Area[84837:70b] found existing data
2014-05-25 11:56:35.805 Prep Area[86586:70b] Multi-tasking -> Device: YES, App: YES
2014-05-25 11:56:35.811 Prep Area[86586:70b] Unlimited access to network resources
2014-05-25 11:56:35.823 Prep Area[86586:70b] [CDVTimer][keyboard] 0.050008ms
2014-05-25 11:56:35.824 Prep Area[86586:70b] CDVPlugin class CDVStatusBar (pluginName: statusbar) does not exist.
2014-05-25 11:56:35.824 Prep Area[86586:70b] [CDVTimer][statusbar] 0.458002ms
2014-05-25 11:56:35.825 Prep Area[86586:70b] [CDVTimer][TotalPluginStartup] 1.403987ms
2014-05-25 11:56:35.857 Prep Area[86586:70b] Resetting plugins due to page load.
2014-05-25 11:56:35.979 Prep Area[86586:70b] Finished load of: file:///Users/jbarket/Library/Application%20Support/iPhone%20Simulator/7.1/Applications/CC0A5C7D-F0FF-4717-B666-73F891406F3F/Prep%20Area.app/www/index.html#/
2014-05-25 11:56:36.004 Prep Area[86586:70b] found existing data
2014-05-25 16:23:13.494 Prep Area[90619:70b] Multi-tasking -> Device: YES, App: YES
2014-05-25 16:23:13.501 Prep Area[90619:70b] Unlimited access to network resources
2014-05-25 16:23:13.604 Prep Area[90619:70b] [CDVTimer][keyboard] 0.074983ms
2014-05-25 16:23:13.604 Prep Area[90619:70b] CDVPlugin class CDVStatusBar (pluginName: statusbar) does not exist.
2014-05-25 16:23:13.605 Prep Area[90619:70b] [CDVTimer][statusbar] 0.346005ms
2014-05-25 16:23:13.605 Prep Area[90619:70b] [CDVTimer][TotalPluginStartup] 1.263976ms
2014-05-25 16:23:13.678 Prep Area[90619:70b] Resetting plugins due to page load.
2014-05-25 16:23:13.866 Prep Area[90619:70b] Finished load of: file:///Users/jbarket/Library/Application%20Support/iPhone%20Simulator/7.1/Applications/F55E5BDD-78B8-4B71-BE17-EEF372FE6DA7/Prep%20Area.app/www/index.html#/
2014-05-25 23:28:38.593 Prep Area[93256:70b] Multi-tasking -> Device: YES, App: YES
2014-05-25 23:28:38.618 Prep Area[93256:70b] Unlimited access to network resources
2014-05-25 23:28:38.739 Prep Area[93256:70b] [CDVTimer][keyboard] 0.056982ms
2014-05-25 23:28:38.739 Prep Area[93256:70b] CDVPlugin class CDVStatusBar (pluginName: statusbar) does not exist.
2014-05-25 23:28:38.739 Prep Area[93256:70b] [CDVTimer][statusbar] 0.283957ms
2014-05-25 23:28:38.740 Prep Area[93256:70b] [CDVTimer][TotalPluginStartup] 1.044989ms
2014-05-25 23:28:38.824 Prep Area[93256:70b] Resetting plugins due to page load.
2014-05-25 23:28:39.064 Prep Area[93256:70b] Finished load of: file:///Users/jbarket/Library/Application%20Support/iPhone%20Simulator/7.1/Applications/F55E5BDD-78B8-4B71-BE17-EEF372FE6DA7/Prep%20Area.app/www/index.html#/
